{
  "MiniTest": {
    "coverage": {
      "/Users/maryrose/module_3_projects/instagram-api/test/integration/user_logs_in_with_instagram_test.rb": [
        1,
        1,
        1,
        1,
        1,
        1,
        null,
        null,
        1,
        1,
        0,
        0,
        0,
        0,
        null,
        null,
        1,
        null,
        1,
        null,
        null,
        1,
        null,
        null,
        null,
        null,
        null,
        null,
        null,
        null,
        null,
        null,
        null,
        null,
        null,
        null,
        null,
        null
      ],
      "/Users/maryrose/module_3_projects/instagram-api/test/models/post_test.rb": [
        1,
        null,
        1,
        null,
        null,
        null,
        null
      ],
      "/Users/maryrose/module_3_projects/instagram-api/test/models/user_test.rb": [
        1,
        null,
        1,
        null,
        null,
        null,
        null
      ],
      "/Users/maryrose/module_3_projects/instagram-api/app/models/user.rb": [
        1,
        null,
        1,
        0,
        null,
        null,
        0,
        0,
        0,
        0,
        0,
        0,
        null,
        0,
        null,
        null,
        null,
        1,
        0,
        null,
        null,
        1,
        0,
        null,
        null,
        1,
        0,
        null,
        null,
        1,
        0,
        null,
        null,
        1,
        0,
        null,
        null,
        1,
        0,
        null,
        null,
        null
      ],
      "/Users/maryrose/module_3_projects/instagram-api/app/models/post.rb": [
        1,
        null,
        null
      ]
    },
    "timestamp": 1441912589
  },
  "RSpec": {
    "coverage": {
      "/Users/maryrose/module_3_projects/instagram-api/app/helpers/application_helper.rb": [
        1,
        1,
        112,
        null,
        null,
        1,
        784,
        null,
        null,
        1,
        112,
        null,
        null
      ],
      "/Users/maryrose/module_3_projects/instagram-api/app/controllers/home_controller.rb": [
        1,
        null,
        1,
        0,
        null,
        null,
        1,
        null,
        null,
        null
      ],
      "/Users/maryrose/module_3_projects/instagram-api/app/models/user.rb": [
        1,
        null,
        1,
        4,
        null,
        null,
        4,
        4,
        4,
        4,
        4,
        4,
        null,
        4,
        null,
        null,
        null,
        1,
        13,
        null,
        null,
        1,
        0,
        null,
        null,
        1,
        0,
        null,
        null,
        1,
        0,
        null,
        null,
        1,
        0,
        null,
        null,
        1,
        0,
        null,
        null,
        null
      ],
      "/Users/maryrose/module_3_projects/instagram-api/app/controllers/sessions_controller.rb": [
        1,
        null,
        1,
        4,
        null,
        4,
        4,
        4,
        null,
        0,
        null,
        null,
        null,
        1,
        1,
        1,
        null,
        null,
        1,
        null,
        1,
        4,
        null,
        null,
        null
      ],
      "/Users/maryrose/module_3_projects/instagram-api/app/controllers/dashboard_controller.rb": [
        1,
        null,
        1,
        null,
        null,
        null,
        null,
        null,
        null,
        null,
        1,
        1,
        null,
        null,
        null,
        1,
        1,
        1,
        0,
        null,
        1,
        null,
        null,
        null,
        null
      ],
      "/Users/maryrose/module_3_projects/instagram-api/app/controllers/profile_controller.rb": [
        1,
        null,
        1,
        2,
        null,
        2,
        2,
        2,
        null,
        null,
        null,
        null
      ]
    },
    "timestamp": 1441985389
  }
}
